2025-02-02 13:03:42,622 - downloader - INFO - Starting download for miRNA: hsa-miR-876-5p
2025-02-02 13:03:42,623 - downloader - INFO - Starting download for miRNA: hsa-miR-3167
2025-02-02 13:03:42,624 - downloader - INFO - Starting download for miRNA: hsa-miR-2276-3p
2025-02-02 13:03:42,625 - downloader - INFO - Starting download for miRNA: hsa-miR-5003-5p
2025-02-02 13:03:42,626 - downloader - INFO - Starting download for miRNA: hsa-miR-7112-3p
2025-02-02 13:03:42,628 - downloader - INFO - Starting download for miRNA: hsa-miR-3156-3p
2025-02-02 13:03:42,629 - downloader - INFO - Starting download for miRNA: hsa-miR-3974
2025-02-02 13:03:42,629 - downloader - INFO - Starting download for miRNA: hsa-miR-5691
2025-02-02 13:03:43,427 - downloader - INFO - Successfully downloaded hsa-miR-7112-3p to hsa-miR-7112-3p.xls
2025-02-02 13:03:43,428 - downloader - INFO - Starting download for miRNA: hsa-miR-6805-3p
2025-02-02 13:03:43,436 - downloader - INFO - Successfully downloaded hsa-miR-5003-5p to hsa-miR-5003-5p.xls
2025-02-02 13:03:43,437 - downloader - INFO - Starting download for miRNA: hsa-miR-6080
2025-02-02 13:03:43,448 - downloader - INFO - Successfully downloaded hsa-miR-2276-3p to hsa-miR-2276-3p.xls
2025-02-02 13:03:43,449 - downloader - INFO - Starting download for miRNA: hsa-miR-6890-3p
2025-02-02 13:03:43,458 - downloader - INFO - Successfully downloaded hsa-miR-3156-3p to hsa-miR-3156-3p.xls
2025-02-02 13:03:43,459 - downloader - INFO - Starting download for miRNA: hsa-miR-676-3p
2025-02-02 13:03:43,459 - downloader - INFO - Successfully downloaded hsa-miR-876-5p to hsa-miR-876-5p.xls
2025-02-02 13:03:43,462 - downloader - INFO - Starting download for miRNA: hsa-miR-5009-3p
2025-02-02 13:03:43,462 - downloader - INFO - Successfully downloaded hsa-miR-3167 to hsa-miR-3167.xls
2025-02-02 13:03:43,464 - downloader - INFO - Starting download for miRNA: hsa-miR-4307
2025-02-02 13:03:43,498 - downloader - INFO - Successfully downloaded hsa-miR-5691 to hsa-miR-5691.xls
2025-02-02 13:03:43,499 - downloader - INFO - Starting download for miRNA: hsa-miR-450b-3p
2025-02-02 13:03:44,253 - downloader - INFO - Successfully downloaded hsa-miR-4307 to hsa-miR-4307.xls
2025-02-02 13:03:44,253 - downloader - INFO - Starting download for miRNA: hsa-miR-4769-3p
2025-02-02 13:03:44,255 - downloader - INFO - Successfully downloaded hsa-miR-6080 to hsa-miR-6080.xls
2025-02-02 13:03:44,256 - downloader - INFO - Starting download for miRNA: hsa-miR-6817-5p
2025-02-02 13:03:44,270 - downloader - INFO - Successfully downloaded hsa-miR-676-3p to hsa-miR-676-3p.xls
2025-02-02 13:03:44,272 - downloader - INFO - Starting download for miRNA: hsa-miR-4765
2025-02-02 13:03:44,276 - downloader - INFO - Successfully downloaded hsa-miR-450b-3p to hsa-miR-450b-3p.xls
2025-02-02 13:03:44,276 - downloader - INFO - Starting download for miRNA: hsa-miR-6751-5p
2025-02-02 13:03:44,280 - downloader - INFO - Successfully downloaded hsa-miR-6805-3p to hsa-miR-6805-3p.xls
2025-02-02 13:03:44,280 - downloader - INFO - Starting download for miRNA: hsa-miR-6752-5p
2025-02-02 13:03:44,287 - downloader - INFO - Successfully downloaded hsa-miR-6890-3p to hsa-miR-6890-3p.xls
2025-02-02 13:03:44,288 - downloader - INFO - Starting download for miRNA: hsa-miR-6777-5p
2025-02-02 13:03:44,324 - downloader - INFO - Successfully downloaded hsa-miR-5009-3p to hsa-miR-5009-3p.xls
2025-02-02 13:03:44,325 - downloader - INFO - Starting download for miRNA: hsa-miR-6803-5p
2025-02-02 13:03:45,033 - downloader - INFO - Successfully downloaded hsa-miR-4769-3p to hsa-miR-4769-3p.xls
2025-02-02 13:03:45,033 - downloader - INFO - Starting download for miRNA: hsa-miR-6835-5p
2025-02-02 13:03:45,041 - downloader - INFO - Successfully downloaded hsa-miR-4765 to hsa-miR-4765.xls
2025-02-02 13:03:45,042 - downloader - INFO - Starting download for miRNA: hsa-miR-6842-5p
2025-02-02 13:03:45,065 - downloader - INFO - Successfully downloaded hsa-miR-6752-5p to hsa-miR-6752-5p.xls
2025-02-02 13:03:45,066 - downloader - INFO - Starting download for miRNA: hsa-miR-6889-5p
2025-02-02 13:03:45,070 - downloader - INFO - Successfully downloaded hsa-miR-6817-5p to hsa-miR-6817-5p.xls
2025-02-02 13:03:45,072 - downloader - INFO - Starting download for miRNA: hsa-miR-7110-5p
2025-02-02 13:03:45,074 - downloader - INFO - Successfully downloaded hsa-miR-6751-5p to hsa-miR-6751-5p.xls
2025-02-02 13:03:45,075 - downloader - INFO - Starting download for miRNA: hsa-miR-7844-5p
2025-02-02 13:03:45,088 - downloader - INFO - Successfully downloaded hsa-miR-6777-5p to hsa-miR-6777-5p.xls
2025-02-02 13:03:45,089 - downloader - INFO - Starting download for miRNA: hsa-miR-4330
2025-02-02 13:03:45,171 - downloader - INFO - Successfully downloaded hsa-miR-6803-5p to hsa-miR-6803-5p.xls
2025-02-02 13:03:45,172 - downloader - INFO - Starting download for miRNA: hsa-miR-4793-3p
2025-02-02 13:03:45,838 - downloader - INFO - Successfully downloaded hsa-miR-7844-5p to hsa-miR-7844-5p.xls
2025-02-02 13:03:45,839 - downloader - INFO - Starting download for miRNA: hsa-miR-6715a-3p
2025-02-02 13:03:45,844 - downloader - INFO - Successfully downloaded hsa-miR-6835-5p to hsa-miR-6835-5p.xls
2025-02-02 13:03:45,845 - downloader - INFO - Starting download for miRNA: hsa-miR-3152-5p
2025-02-02 13:03:45,857 - downloader - INFO - Successfully downloaded hsa-miR-4330 to hsa-miR-4330.xls
2025-02-02 13:03:45,858 - downloader - INFO - Starting download for miRNA: hsa-miR-520a-5p
2025-02-02 13:03:45,881 - downloader - INFO - Successfully downloaded hsa-miR-6842-5p to hsa-miR-6842-5p.xls
2025-02-02 13:03:45,882 - downloader - INFO - Starting download for miRNA: hsa-miR-525-5p
2025-02-02 13:03:45,885 - downloader - INFO - Successfully downloaded hsa-miR-7110-5p to hsa-miR-7110-5p.xls
2025-02-02 13:03:45,886 - downloader - INFO - Starting download for miRNA: hsa-miR-1207-3p
2025-02-02 13:03:45,890 - downloader - INFO - Successfully downloaded hsa-miR-6889-5p to hsa-miR-6889-5p.xls
2025-02-02 13:03:45,890 - downloader - INFO - Starting download for miRNA: hsa-miR-3135a
2025-02-02 13:03:45,988 - downloader - INFO - Successfully downloaded hsa-miR-4793-3p to hsa-miR-4793-3p.xls
2025-02-02 13:03:45,989 - downloader - INFO - Starting download for miRNA: hsa-miR-497-3p
2025-02-02 13:03:46,658 - downloader - INFO - Successfully downloaded hsa-miR-6715a-3p to hsa-miR-6715a-3p.xls
2025-02-02 13:03:46,659 - downloader - INFO - Starting download for miRNA: hsa-miR-3934-3p
2025-02-02 13:03:46,662 - downloader - INFO - Successfully downloaded hsa-miR-3152-5p to hsa-miR-3152-5p.xls
2025-02-02 13:03:46,663 - downloader - INFO - Starting download for miRNA: hsa-miR-6854-5p
2025-02-02 13:03:46,672 - downloader - INFO - Successfully downloaded hsa-miR-3135a to hsa-miR-3135a.xls
2025-02-02 13:03:46,673 - downloader - INFO - Starting download for miRNA: hsa-miR-3913-3p
2025-02-02 13:03:46,700 - downloader - INFO - Successfully downloaded hsa-miR-3974 to hsa-miR-3974.xls
2025-02-02 13:03:46,701 - downloader - INFO - Starting download for miRNA: hsa-miR-4276
2025-02-02 13:03:46,707 - downloader - INFO - Successfully downloaded hsa-miR-520a-5p to hsa-miR-520a-5p.xls
2025-02-02 13:03:46,708 - downloader - INFO - Starting download for miRNA: hsa-miR-3942-3p
2025-02-02 13:03:46,713 - downloader - INFO - Successfully downloaded hsa-miR-1207-3p to hsa-miR-1207-3p.xls
2025-02-02 13:03:46,714 - downloader - INFO - Starting download for miRNA: hsa-miR-4469
2025-02-02 13:03:46,732 - downloader - INFO - Successfully downloaded hsa-miR-525-5p to hsa-miR-525-5p.xls
2025-02-02 13:03:46,733 - downloader - INFO - Starting download for miRNA: hsa-miR-7977
2025-02-02 13:03:46,831 - downloader - INFO - Successfully downloaded hsa-miR-497-3p to hsa-miR-497-3p.xls
2025-02-02 13:03:46,831 - downloader - INFO - Starting download for miRNA: hsa-miR-5701
2025-02-02 13:03:47,470 - downloader - INFO - Successfully downloaded hsa-miR-3934-3p to hsa-miR-3934-3p.xls
2025-02-02 13:03:47,471 - downloader - INFO - Starting download for miRNA: hsa-miR-223-5p
2025-02-02 13:03:47,478 - downloader - INFO - Successfully downloaded hsa-miR-6854-5p to hsa-miR-6854-5p.xls
2025-02-02 13:03:47,479 - downloader - INFO - Starting download for miRNA: hsa-miR-3670
2025-02-02 13:03:47,528 - downloader - INFO - Successfully downloaded hsa-miR-3942-3p to hsa-miR-3942-3p.xls
2025-02-02 13:03:47,529 - downloader - INFO - Starting download for miRNA: hsa-miR-4789-3p
2025-02-02 13:03:47,566 - downloader - INFO - Successfully downloaded hsa-miR-7977 to hsa-miR-7977.xls
2025-02-02 13:03:47,568 - downloader - INFO - Starting download for miRNA: hsa-miR-6841-3p
2025-02-02 13:03:47,582 - downloader - INFO - Successfully downloaded hsa-miR-4469 to hsa-miR-4469.xls
2025-02-02 13:03:47,583 - downloader - INFO - Starting download for miRNA: hsa-miR-96-3p
2025-02-02 13:03:47,628 - downloader - INFO - Successfully downloaded hsa-miR-5701 to hsa-miR-5701.xls
2025-02-02 13:03:47,629 - downloader - INFO - Starting download for miRNA: hsa-miR-2681-3p
2025-02-02 13:03:47,935 - downloader - INFO - Successfully downloaded hsa-miR-3913-3p to hsa-miR-3913-3p.xls
2025-02-02 13:03:48,255 - downloader - INFO - Successfully downloaded hsa-miR-223-5p to hsa-miR-223-5p.xls
2025-02-02 13:03:48,305 - downloader - INFO - Successfully downloaded hsa-miR-4789-3p to hsa-miR-4789-3p.xls
2025-02-02 13:03:48,334 - downloader - INFO - Successfully downloaded hsa-miR-3670 to hsa-miR-3670.xls
2025-02-02 13:03:48,414 - downloader - INFO - Successfully downloaded hsa-miR-96-3p to hsa-miR-96-3p.xls
2025-02-02 13:03:48,419 - downloader - INFO - Successfully downloaded hsa-miR-6841-3p to hsa-miR-6841-3p.xls
2025-02-02 13:03:48,998 - downloader - INFO - Successfully downloaded hsa-miR-2681-3p to hsa-miR-2681-3p.xls
2025-02-02 13:03:51,259 - downloader - INFO - Successfully downloaded hsa-miR-4276 to hsa-miR-4276.xls
2025-02-02 13:03:51,345 - downloader - INFO - Starting download for miRNA: hsa-miR-4708-5p
2025-02-02 13:03:51,345 - downloader - INFO - Starting download for miRNA: hsa-miR-4712-3p
2025-02-02 13:03:51,346 - downloader - INFO - Starting download for miRNA: hsa-miR-6516-3p
2025-02-02 13:03:51,346 - downloader - INFO - Starting download for miRNA: hsa-miR-4804-3p
2025-02-02 13:03:51,347 - downloader - INFO - Starting download for miRNA: hsa-miR-4637
2025-02-02 13:03:51,347 - downloader - INFO - Starting download for miRNA: hsa-miR-4659a-5p
2025-02-02 13:03:51,347 - downloader - INFO - Starting download for miRNA: hsa-miR-4661-3p
2025-02-02 13:03:51,349 - downloader - INFO - Starting download for miRNA: hsa-miR-4659b-5p
2025-02-02 13:03:52,109 - downloader - INFO - Successfully downloaded hsa-miR-4659a-5p to hsa-miR-4659a-5p.xls
2025-02-02 13:03:52,109 - downloader - INFO - Starting download for miRNA: hsa-miR-4802-5p
2025-02-02 13:03:52,162 - downloader - INFO - Successfully downloaded hsa-miR-4708-5p to hsa-miR-4708-5p.xls
2025-02-02 13:03:52,163 - downloader - INFO - Starting download for miRNA: hsa-miR-6894-5p
2025-02-02 13:03:52,166 - downloader - INFO - Successfully downloaded hsa-miR-4804-3p to hsa-miR-4804-3p.xls
2025-02-02 13:03:52,167 - downloader - INFO - Starting download for miRNA: hsa-miR-7154-3p
2025-02-02 13:03:52,171 - downloader - INFO - Successfully downloaded hsa-miR-4659b-5p to hsa-miR-4659b-5p.xls
2025-02-02 13:03:52,172 - downloader - INFO - Starting download for miRNA: hsa-miR-5683
2025-02-02 13:03:52,191 - downloader - INFO - Successfully downloaded hsa-miR-4661-3p to hsa-miR-4661-3p.xls
2025-02-02 13:03:52,191 - downloader - INFO - Starting download for miRNA: hsa-miR-5690
2025-02-02 13:03:52,890 - downloader - INFO - Successfully downloaded hsa-miR-4802-5p to hsa-miR-4802-5p.xls
2025-02-02 13:03:52,891 - downloader - INFO - Starting download for miRNA: hsa-miR-3978
2025-02-02 13:03:52,945 - downloader - INFO - Successfully downloaded hsa-miR-5683 to hsa-miR-5683.xls
2025-02-02 13:03:52,946 - downloader - INFO - Starting download for miRNA: hsa-miR-5093
2025-02-02 13:03:53,007 - downloader - INFO - Successfully downloaded hsa-miR-6894-5p to hsa-miR-6894-5p.xls
2025-02-02 13:03:53,008 - downloader - INFO - Starting download for miRNA: hsa-miR-8069
2025-02-02 13:03:53,018 - downloader - INFO - Successfully downloaded hsa-miR-5690 to hsa-miR-5690.xls
2025-02-02 13:03:53,019 - downloader - INFO - Starting download for miRNA: hsa-miR-8075
2025-02-02 13:03:53,022 - downloader - INFO - Successfully downloaded hsa-miR-7154-3p to hsa-miR-7154-3p.xls
2025-02-02 13:03:53,022 - downloader - INFO - Starting download for miRNA: hsa-miR-3926
2025-02-02 13:03:53,689 - downloader - INFO - Successfully downloaded hsa-miR-3978 to hsa-miR-3978.xls
2025-02-02 13:03:53,690 - downloader - INFO - Starting download for miRNA: hsa-miR-7154-5p
2025-02-02 13:03:53,819 - downloader - INFO - Successfully downloaded hsa-miR-5093 to hsa-miR-5093.xls
2025-02-02 13:03:53,820 - downloader - INFO - Starting download for miRNA: hsa-miR-5681b
2025-02-02 13:03:53,852 - downloader - INFO - Successfully downloaded hsa-miR-3926 to hsa-miR-3926.xls
2025-02-02 13:03:53,853 - downloader - INFO - Starting download for miRNA: hsa-miR-1261
2025-02-02 13:03:53,860 - downloader - INFO - Successfully downloaded hsa-miR-8075 to hsa-miR-8075.xls
2025-02-02 13:03:53,860 - downloader - INFO - Starting download for miRNA: hsa-miR-8081
2025-02-02 13:03:53,861 - downloader - INFO - Successfully downloaded hsa-miR-8069 to hsa-miR-8069.xls
2025-02-02 13:03:53,862 - downloader - INFO - Starting download for miRNA: hsa-miR-3120-5p
2025-02-02 13:03:54,506 - downloader - INFO - Successfully downloaded hsa-miR-7154-5p to hsa-miR-7154-5p.xls
2025-02-02 13:03:54,507 - downloader - INFO - Starting download for miRNA: hsa-miR-4743-3p
2025-02-02 13:03:54,622 - downloader - INFO - Successfully downloaded hsa-miR-5681b to hsa-miR-5681b.xls
2025-02-02 13:03:54,623 - downloader - INFO - Starting download for miRNA: hsa-miR-6807-3p
2025-02-02 13:03:54,686 - downloader - INFO - Successfully downloaded hsa-miR-3120-5p to hsa-miR-3120-5p.xls
2025-02-02 13:03:54,687 - downloader - INFO - Starting download for miRNA: hsa-miR-4468
2025-02-02 13:03:54,695 - downloader - INFO - Successfully downloaded hsa-miR-1261 to hsa-miR-1261.xls
2025-02-02 13:03:54,695 - downloader - INFO - Starting download for miRNA: hsa-miR-640
2025-02-02 13:03:55,485 - downloader - INFO - Successfully downloaded hsa-miR-640 to hsa-miR-640.xls
2025-02-02 13:03:55,486 - downloader - INFO - Starting download for miRNA: hsa-miR-4753-3p
2025-02-02 13:03:55,511 - downloader - INFO - Successfully downloaded hsa-miR-4468 to hsa-miR-4468.xls
2025-02-02 13:03:55,511 - downloader - INFO - Starting download for miRNA: hsa-miR-556-3p
2025-02-02 13:03:55,675 - downloader - INFO - Successfully downloaded hsa-miR-4743-3p to hsa-miR-4743-3p.xls
2025-02-02 13:03:55,676 - downloader - INFO - Starting download for miRNA: hsa-miR-4457
2025-02-02 13:03:56,326 - downloader - INFO - Successfully downloaded hsa-miR-4753-3p to hsa-miR-4753-3p.xls
2025-02-02 13:03:56,326 - downloader - INFO - Starting download for miRNA: hsa-miR-302f
2025-02-02 13:03:56,362 - downloader - INFO - Successfully downloaded hsa-miR-556-3p to hsa-miR-556-3p.xls
2025-02-02 13:03:56,363 - downloader - INFO - Starting download for miRNA: hsa-miR-487a-5p
2025-02-02 13:03:56,482 - downloader - INFO - Successfully downloaded hsa-miR-4457 to hsa-miR-4457.xls
2025-02-02 13:03:56,483 - downloader - INFO - Starting download for miRNA: hsa-miR-487b-5p
2025-02-02 13:03:57,161 - downloader - INFO - Successfully downloaded hsa-miR-487a-5p to hsa-miR-487a-5p.xls
2025-02-02 13:03:57,162 - downloader - INFO - Starting download for miRNA: hsa-miR-4790-3p
2025-02-02 13:03:57,192 - downloader - INFO - Successfully downloaded hsa-miR-302f to hsa-miR-302f.xls
2025-02-02 13:03:57,192 - downloader - INFO - Starting download for miRNA: hsa-miR-205-3p
2025-02-02 13:03:57,293 - downloader - INFO - Successfully downloaded hsa-miR-487b-5p to hsa-miR-487b-5p.xls
2025-02-02 13:03:57,293 - downloader - INFO - Starting download for miRNA: hsa-miR-6830-5p
2025-02-02 13:03:57,458 - downloader - INFO - Successfully downloaded hsa-miR-6516-3p to hsa-miR-6516-3p.xls
2025-02-02 13:03:57,459 - downloader - INFO - Starting download for miRNA: hsa-miR-4646-3p
2025-02-02 13:03:57,985 - downloader - INFO - Successfully downloaded hsa-miR-8081 to hsa-miR-8081.xls
2025-02-02 13:03:57,986 - downloader - INFO - Starting download for miRNA: hsa-miR-1233-5p
2025-02-02 13:03:58,015 - downloader - INFO - Successfully downloaded hsa-miR-4790-3p to hsa-miR-4790-3p.xls
2025-02-02 13:03:58,015 - downloader - INFO - Starting download for miRNA: hsa-miR-6778-5p
2025-02-02 13:03:58,028 - downloader - INFO - Successfully downloaded hsa-miR-205-3p to hsa-miR-205-3p.xls
2025-02-02 13:03:58,028 - downloader - INFO - Starting download for miRNA: hsa-miR-4722-3p
2025-02-02 13:03:58,072 - downloader - INFO - Successfully downloaded hsa-miR-6830-5p to hsa-miR-6830-5p.xls
2025-02-02 13:03:58,073 - downloader - INFO - Starting download for miRNA: hsa-miR-6727-3p
2025-02-02 13:03:58,247 - downloader - INFO - Successfully downloaded hsa-miR-4646-3p to hsa-miR-4646-3p.xls
2025-02-02 13:03:58,248 - downloader - INFO - Starting download for miRNA: hsa-miR-4704-5p
2025-02-02 13:03:58,768 - downloader - INFO - Successfully downloaded hsa-miR-1233-5p to hsa-miR-1233-5p.xls
2025-02-02 13:03:58,769 - downloader - INFO - Starting download for miRNA: hsa-miR-6868-5p
2025-02-02 13:03:58,853 - downloader - INFO - Successfully downloaded hsa-miR-6778-5p to hsa-miR-6778-5p.xls
2025-02-02 13:03:58,854 - downloader - INFO - Starting download for miRNA: hsa-miR-4687-5p
2025-02-02 13:03:58,857 - downloader - INFO - Successfully downloaded hsa-miR-6727-3p to hsa-miR-6727-3p.xls
2025-02-02 13:03:58,857 - downloader - INFO - Starting download for miRNA: hsa-miR-6779-3p
2025-02-02 13:03:59,086 - downloader - INFO - Successfully downloaded hsa-miR-4704-5p to hsa-miR-4704-5p.xls
2025-02-02 13:03:59,087 - downloader - INFO - Starting download for miRNA: hsa-miR-6853-5p
2025-02-02 13:03:59,602 - downloader - INFO - Successfully downloaded hsa-miR-6868-5p to hsa-miR-6868-5p.xls
2025-02-02 13:03:59,602 - downloader - INFO - Starting download for miRNA: hsa-miR-4475
2025-02-02 13:03:59,666 - downloader - INFO - Successfully downloaded hsa-miR-6779-3p to hsa-miR-6779-3p.xls
2025-02-02 13:03:59,667 - downloader - INFO - Successfully downloaded hsa-miR-4687-5p to hsa-miR-4687-5p.xls
2025-02-02 13:03:59,667 - downloader - INFO - Starting download for miRNA: hsa-miR-6775-3p
2025-02-02 13:03:59,668 - downloader - INFO - Starting download for miRNA: hsa-miR-3918
2025-02-02 13:03:59,925 - downloader - INFO - Successfully downloaded hsa-miR-6853-5p to hsa-miR-6853-5p.xls
2025-02-02 13:03:59,926 - downloader - INFO - Starting download for miRNA: hsa-miR-4640-5p
2025-02-02 13:04:00,433 - downloader - INFO - Successfully downloaded hsa-miR-4475 to hsa-miR-4475.xls
2025-02-02 13:04:00,513 - downloader - INFO - Successfully downloaded hsa-miR-6775-3p to hsa-miR-6775-3p.xls
2025-02-02 13:04:00,536 - downloader - INFO - Successfully downloaded hsa-miR-3918 to hsa-miR-3918.xls
2025-02-02 13:04:00,811 - downloader - INFO - Successfully downloaded hsa-miR-4640-5p to hsa-miR-4640-5p.xls
2025-02-02 13:04:19,109 - downloader - WARNING - Retry 1 for hsa-miR-4722-3p
2025-02-02 13:04:19,227 - downloader - INFO - Successfully downloaded hsa-miR-4637 to hsa-miR-4637.xls
2025-02-02 13:04:20,935 - downloader - INFO - Successfully downloaded hsa-miR-4722-3p to hsa-miR-4722-3p.xls
2025-02-02 13:04:24,644 - downloader - WARNING - Retry 1 for hsa-miR-4712-3p
2025-02-02 13:04:26,456 - downloader - INFO - Successfully downloaded hsa-miR-4712-3p to hsa-miR-4712-3p.xls
2025-02-02 13:04:27,921 - downloader - WARNING - Retry 1 for hsa-miR-6807-3p
2025-02-02 13:04:30,286 - downloader - INFO - Successfully downloaded hsa-miR-6807-3p to hsa-miR-6807-3p.xls
2025-02-02 13:04:30,385 - downloader - INFO - Starting download for miRNA: hsa-miR-4726-5p
2025-02-02 13:04:30,385 - downloader - INFO - Starting download for miRNA: hsa-miR-6501-3p
2025-02-02 13:04:30,385 - downloader - INFO - Starting download for miRNA: hsa-miR-6895-5p
2025-02-02 13:04:30,386 - downloader - INFO - Starting download for miRNA: hsa-miR-8057
2025-02-02 13:04:30,386 - downloader - INFO - Starting download for miRNA: hsa-miR-4445-3p
2025-02-02 13:04:30,387 - downloader - INFO - Starting download for miRNA: hsa-miR-548al
2025-02-02 13:04:30,388 - downloader - INFO - Starting download for miRNA: hsa-miR-6507-3p
2025-02-02 13:04:30,389 - downloader - INFO - Starting download for miRNA: hsa-miR-6499-3p
2025-02-02 13:04:31,180 - downloader - INFO - Successfully downloaded hsa-miR-4445-3p to hsa-miR-4445-3p.xls
2025-02-02 13:04:31,181 - downloader - INFO - Starting download for miRNA: hsa-miR-6815-5p
2025-02-02 13:04:31,185 - downloader - INFO - Successfully downloaded hsa-miR-6507-3p to hsa-miR-6507-3p.xls
2025-02-02 13:04:31,186 - downloader - INFO - Starting download for miRNA: hsa-miR-6865-5p
2025-02-02 13:04:31,195 - downloader - INFO - Successfully downloaded hsa-miR-6501-3p to hsa-miR-6501-3p.xls
2025-02-02 13:04:31,196 - downloader - INFO - Starting download for miRNA: hsa-miR-323b-3p
2025-02-02 13:04:31,210 - downloader - INFO - Successfully downloaded hsa-miR-548al to hsa-miR-548al.xls
2025-02-02 13:04:31,211 - downloader - INFO - Starting download for miRNA: hsa-miR-4434
2025-02-02 13:04:31,220 - downloader - INFO - Successfully downloaded hsa-miR-4726-5p to hsa-miR-4726-5p.xls
2025-02-02 13:04:31,221 - downloader - INFO - Starting download for miRNA: hsa-miR-5703
2025-02-02 13:04:31,226 - downloader - INFO - Successfully downloaded hsa-miR-6895-5p to hsa-miR-6895-5p.xls
2025-02-02 13:04:31,227 - downloader - INFO - Starting download for miRNA: hsa-miR-4481
2025-02-02 13:04:31,227 - downloader - INFO - Successfully downloaded hsa-miR-8057 to hsa-miR-8057.xls
2025-02-02 13:04:31,229 - downloader - INFO - Starting download for miRNA: hsa-miR-4745-5p
2025-02-02 13:04:31,973 - downloader - INFO - Successfully downloaded hsa-miR-6815-5p to hsa-miR-6815-5p.xls
2025-02-02 13:04:31,973 - downloader - INFO - Starting download for miRNA: hsa-miR-598-5p
2025-02-02 13:04:32,002 - downloader - INFO - Successfully downloaded hsa-miR-323b-3p to hsa-miR-323b-3p.xls
2025-02-02 13:04:32,003 - downloader - INFO - Starting download for miRNA: hsa-miR-3688-3p
2025-02-02 13:04:32,014 - downloader - INFO - Successfully downloaded hsa-miR-6865-5p to hsa-miR-6865-5p.xls
2025-02-02 13:04:32,015 - downloader - INFO - Starting download for miRNA: hsa-miR-891b
2025-02-02 13:04:32,035 - downloader - INFO - Successfully downloaded hsa-miR-5703 to hsa-miR-5703.xls
2025-02-02 13:04:32,035 - downloader - INFO - Starting download for miRNA: hsa-miR-5585-5p
2025-02-02 13:04:32,042 - downloader - INFO - Successfully downloaded hsa-miR-4434 to hsa-miR-4434.xls
2025-02-02 13:04:32,043 - downloader - INFO - Starting download for miRNA: hsa-miR-6888-5p
2025-02-02 13:04:32,049 - downloader - INFO - Successfully downloaded hsa-miR-4481 to hsa-miR-4481.xls
2025-02-02 13:04:32,049 - downloader - INFO - Starting download for miRNA: hsa-miR-3179
2025-02-02 13:04:32,790 - downloader - INFO - Successfully downloaded hsa-miR-3688-3p to hsa-miR-3688-3p.xls
2025-02-02 13:04:32,790 - downloader - INFO - Starting download for miRNA: hsa-miR-4639-3p
2025-02-02 13:04:32,800 - downloader - INFO - Successfully downloaded hsa-miR-891b to hsa-miR-891b.xls
2025-02-02 13:04:32,801 - downloader - INFO - Starting download for miRNA: hsa-miR-6810-5p
2025-02-02 13:04:32,806 - downloader - INFO - Successfully downloaded hsa-miR-598-5p to hsa-miR-598-5p.xls
2025-02-02 13:04:32,806 - downloader - INFO - Starting download for miRNA: hsa-miR-1255a
2025-02-02 13:04:32,819 - downloader - INFO - Successfully downloaded hsa-miR-6888-5p to hsa-miR-6888-5p.xls
2025-02-02 13:04:32,820 - downloader - INFO - Starting download for miRNA: hsa-miR-1255b-5p
2025-02-02 13:04:32,837 - downloader - INFO - Successfully downloaded hsa-miR-5585-5p to hsa-miR-5585-5p.xls
2025-02-02 13:04:32,838 - downloader - INFO - Starting download for miRNA: hsa-miR-4700-3p
2025-02-02 13:04:32,857 - downloader - INFO - Successfully downloaded hsa-miR-3179 to hsa-miR-3179.xls
2025-02-02 13:04:32,858 - downloader - INFO - Starting download for miRNA: hsa-miR-4740-5p
2025-02-02 13:04:33,603 - downloader - INFO - Successfully downloaded hsa-miR-4639-3p to hsa-miR-4639-3p.xls
2025-02-02 13:04:33,603 - downloader - INFO - Starting download for miRNA: hsa-miR-539-3p
2025-02-02 13:04:33,604 - downloader - INFO - Successfully downloaded hsa-miR-1255a to hsa-miR-1255a.xls
2025-02-02 13:04:33,607 - downloader - INFO - Starting download for miRNA: hsa-miR-4688
2025-02-02 13:04:33,615 - downloader - INFO - Successfully downloaded hsa-miR-6810-5p to hsa-miR-6810-5p.xls
2025-02-02 13:04:33,616 - downloader - INFO - Starting download for miRNA: hsa-miR-6743-5p
2025-02-02 13:04:33,634 - downloader - INFO - Successfully downloaded hsa-miR-4740-5p to hsa-miR-4740-5p.xls
2025-02-02 13:04:33,635 - downloader - INFO - Starting download for miRNA: hsa-miR-6789-5p
2025-02-02 13:04:33,644 - downloader - INFO - Successfully downloaded hsa-miR-4700-3p to hsa-miR-4700-3p.xls
2025-02-02 13:04:33,645 - downloader - INFO - Starting download for miRNA: hsa-miR-5004-3p
2025-02-02 13:04:33,650 - downloader - INFO - Successfully downloaded hsa-miR-1255b-5p to hsa-miR-1255b-5p.xls
2025-02-02 13:04:33,650 - downloader - INFO - Starting download for miRNA: hsa-miR-6514-5p
2025-02-02 13:04:34,419 - downloader - INFO - Successfully downloaded hsa-miR-6789-5p to hsa-miR-6789-5p.xls
2025-02-02 13:04:34,420 - downloader - INFO - Starting download for miRNA: hsa-miR-1537-5p
2025-02-02 13:04:34,434 - downloader - INFO - Successfully downloaded hsa-miR-4688 to hsa-miR-4688.xls
2025-02-02 13:04:34,434 - downloader - INFO - Starting download for miRNA: hsa-miR-4308
2025-02-02 13:04:34,441 - downloader - INFO - Successfully downloaded hsa-miR-5004-3p to hsa-miR-5004-3p.xls
2025-02-02 13:04:34,442 - downloader - INFO - Starting download for miRNA: hsa-miR-4292
2025-02-02 13:04:34,443 - downloader - INFO - Successfully downloaded hsa-miR-539-3p to hsa-miR-539-3p.xls
2025-02-02 13:04:34,446 - downloader - INFO - Successfully downloaded hsa-miR-6743-5p to hsa-miR-6743-5p.xls
2025-02-02 13:04:34,446 - downloader - INFO - Starting download for miRNA: hsa-miR-4291
2025-02-02 13:04:34,447 - downloader - INFO - Starting download for miRNA: hsa-miR-6791-5p
2025-02-02 13:04:34,523 - downloader - INFO - Successfully downloaded hsa-miR-6514-5p to hsa-miR-6514-5p.xls
2025-02-02 13:04:34,523 - downloader - INFO - Starting download for miRNA: hsa-miR-1-5p
2025-02-02 13:04:35,242 - downloader - INFO - Successfully downloaded hsa-miR-4292 to hsa-miR-4292.xls
2025-02-02 13:04:35,243 - downloader - INFO - Starting download for miRNA: hsa-miR-4714-3p
2025-02-02 13:04:35,248 - downloader - INFO - Successfully downloaded hsa-miR-1537-5p to hsa-miR-1537-5p.xls
2025-02-02 13:04:35,249 - downloader - INFO - Starting download for miRNA: hsa-miR-1269a
2025-02-02 13:04:35,253 - downloader - INFO - Successfully downloaded hsa-miR-6791-5p to hsa-miR-6791-5p.xls
2025-02-02 13:04:35,254 - downloader - INFO - Starting download for miRNA: hsa-miR-1269b
2025-02-02 13:04:35,271 - downloader - INFO - Successfully downloaded hsa-miR-4291 to hsa-miR-4291.xls
2025-02-02 13:04:35,272 - downloader - INFO - Starting download for miRNA: hsa-miR-4529-3p
2025-02-02 13:04:35,365 - downloader - INFO - Successfully downloaded hsa-miR-1-5p to hsa-miR-1-5p.xls
2025-02-02 13:04:35,365 - downloader - INFO - Starting download for miRNA: hsa-miR-4520-2-3p
2025-02-02 13:04:36,072 - downloader - INFO - Successfully downloaded hsa-miR-4714-3p to hsa-miR-4714-3p.xls
2025-02-02 13:04:36,073 - downloader - INFO - Starting download for miRNA: hsa-miR-5009-5p
2025-02-02 13:04:36,073 - downloader - INFO - Successfully downloaded hsa-miR-4529-3p to hsa-miR-4529-3p.xls
2025-02-02 13:04:36,076 - downloader - INFO - Starting download for miRNA: hsa-miR-7850-5p
2025-02-02 13:04:36,084 - downloader - INFO - Successfully downloaded hsa-miR-1269a to hsa-miR-1269a.xls
2025-02-02 13:04:36,084 - downloader - INFO - Starting download for miRNA: hsa-miR-8058
2025-02-02 13:04:36,198 - downloader - INFO - Successfully downloaded hsa-miR-4520-2-3p to hsa-miR-4520-2-3p.xls
2025-02-02 13:04:36,199 - downloader - INFO - Starting download for miRNA: hsa-miR-4494
2025-02-02 13:04:36,904 - downloader - INFO - Successfully downloaded hsa-miR-7850-5p to hsa-miR-7850-5p.xls
2025-02-02 13:04:36,905 - downloader - INFO - Starting download for miRNA: hsa-miR-499b-5p
2025-02-02 13:04:36,911 - downloader - INFO - Successfully downloaded hsa-miR-5009-5p to hsa-miR-5009-5p.xls
2025-02-02 13:04:36,911 - downloader - INFO - Starting download for miRNA: hsa-miR-493-5p
2025-02-02 13:04:36,911 - downloader - INFO - Successfully downloaded hsa-miR-8058 to hsa-miR-8058.xls
2025-02-02 13:04:37,043 - downloader - INFO - Successfully downloaded hsa-miR-4494 to hsa-miR-4494.xls
2025-02-02 13:04:37,714 - downloader - INFO - Successfully downloaded hsa-miR-499b-5p to hsa-miR-499b-5p.xls
2025-02-02 13:04:37,733 - downloader - INFO - Successfully downloaded hsa-miR-493-5p to hsa-miR-493-5p.xls
2025-02-02 13:04:38,194 - downloader - INFO - Successfully downloaded hsa-miR-6499-3p to hsa-miR-6499-3p.xls
2025-02-02 13:04:39,659 - downloader - INFO - Successfully downloaded hsa-miR-4745-5p to hsa-miR-4745-5p.xls
2025-02-02 13:04:48,343 - downloader - INFO - Successfully downloaded hsa-miR-4308 to hsa-miR-4308.xls
2025-02-02 13:04:57,442 - downloader - WARNING - Retry 1 for hsa-miR-1269b
2025-02-02 13:04:59,278 - downloader - INFO - Successfully downloaded hsa-miR-1269b to hsa-miR-1269b.xls
2025-02-02 13:04:59,360 - downloader - INFO - Starting download for miRNA: hsa-miR-6758-3p
2025-02-02 13:04:59,360 - downloader - INFO - Starting download for miRNA: hsa-miR-627-5p
2025-02-02 13:04:59,360 - downloader - INFO - Starting download for miRNA: hsa-miR-8055
2025-02-02 13:04:59,361 - downloader - INFO - Starting download for miRNA: hsa-miR-4474-3p
2025-02-02 13:04:59,362 - downloader - INFO - Starting download for miRNA: hsa-miR-3140-5p
2025-02-02 13:04:59,362 - downloader - INFO - Starting download for miRNA: hsa-miR-3667-5p
2025-02-02 13:04:59,363 - downloader - INFO - Starting download for miRNA: hsa-miR-4761-5p
2025-02-02 13:04:59,364 - downloader - INFO - Starting download for miRNA: hsa-miR-6801-5p
2025-02-02 13:05:00,136 - downloader - INFO - Successfully downloaded hsa-miR-4474-3p to hsa-miR-4474-3p.xls
2025-02-02 13:05:00,137 - downloader - INFO - Starting download for miRNA: hsa-miR-3605-5p
2025-02-02 13:05:00,137 - downloader - INFO - Successfully downloaded hsa-miR-3140-5p to hsa-miR-3140-5p.xls
2025-02-02 13:05:00,140 - downloader - INFO - Starting download for miRNA: hsa-miR-363-5p
2025-02-02 13:05:00,158 - downloader - INFO - Successfully downloaded hsa-miR-4761-5p to hsa-miR-4761-5p.xls
2025-02-02 13:05:00,159 - downloader - INFO - Starting download for miRNA: hsa-miR-369-3p
2025-02-02 13:05:00,163 - downloader - INFO - Successfully downloaded hsa-miR-3667-5p to hsa-miR-3667-5p.xls
2025-02-02 13:05:00,163 - downloader - INFO - Starting download for miRNA: hsa-miR-323a-5p
2025-02-02 13:05:00,173 - downloader - INFO - Successfully downloaded hsa-miR-6758-3p to hsa-miR-6758-3p.xls
2025-02-02 13:05:00,173 - downloader - INFO - Starting download for miRNA: hsa-miR-4483
2025-02-02 13:05:00,175 - downloader - INFO - Successfully downloaded hsa-miR-627-5p to hsa-miR-627-5p.xls
2025-02-02 13:05:00,176 - downloader - INFO - Starting download for miRNA: hsa-miR-6745
2025-02-02 13:05:00,194 - downloader - INFO - Successfully downloaded hsa-miR-6801-5p to hsa-miR-6801-5p.xls
2025-02-02 13:05:00,195 - downloader - INFO - Starting download for miRNA: hsa-miR-8074
2025-02-02 13:05:00,196 - downloader - INFO - Successfully downloaded hsa-miR-8055 to hsa-miR-8055.xls
2025-02-02 13:05:00,197 - downloader - INFO - Starting download for miRNA: hsa-miR-1238-5p
2025-02-02 13:05:00,918 - downloader - INFO - Successfully downloaded hsa-miR-3605-5p to hsa-miR-3605-5p.xls
2025-02-02 13:05:00,919 - downloader - INFO - Starting download for miRNA: hsa-miR-4658
2025-02-02 13:05:00,934 - downloader - INFO - Successfully downloaded hsa-miR-363-5p to hsa-miR-363-5p.xls
2025-02-02 13:05:00,935 - downloader - INFO - Starting download for miRNA: hsa-miR-4758-5p
2025-02-02 13:05:00,960 - downloader - INFO - Successfully downloaded hsa-miR-6745 to hsa-miR-6745.xls
2025-02-02 13:05:00,960 - downloader - INFO - Starting download for miRNA: hsa-miR-6790-5p
2025-02-02 13:05:00,963 - downloader - INFO - Successfully downloaded hsa-miR-323a-5p to hsa-miR-323a-5p.xls
2025-02-02 13:05:00,963 - downloader - INFO - Starting download for miRNA: hsa-miR-100-3p
2025-02-02 13:05:00,975 - downloader - INFO - Successfully downloaded hsa-miR-1238-5p to hsa-miR-1238-5p.xls
2025-02-02 13:05:00,976 - downloader - INFO - Starting download for miRNA: hsa-miR-514b-5p
2025-02-02 13:05:00,983 - downloader - INFO - Successfully downloaded hsa-miR-4483 to hsa-miR-4483.xls
2025-02-02 13:05:00,983 - downloader - INFO - Starting download for miRNA: hsa-miR-6741-3p
2025-02-02 13:05:01,017 - downloader - INFO - Successfully downloaded hsa-miR-369-3p to hsa-miR-369-3p.xls
2025-02-02 13:05:01,018 - downloader - INFO - Starting download for miRNA: hsa-miR-4783-3p
2025-02-02 13:05:01,042 - downloader - INFO - Successfully downloaded hsa-miR-8074 to hsa-miR-8074.xls
2025-02-02 13:05:01,043 - downloader - INFO - Starting download for miRNA: hsa-miR-4774-3p
2025-02-02 13:05:01,736 - downloader - INFO - Successfully downloaded hsa-miR-4658 to hsa-miR-4658.xls
2025-02-02 13:05:01,737 - downloader - INFO - Starting download for miRNA: hsa-miR-20b-3p
2025-02-02 13:05:01,780 - downloader - INFO - Successfully downloaded hsa-miR-100-3p to hsa-miR-100-3p.xls
2025-02-02 13:05:01,780 - downloader - INFO - Starting download for miRNA: hsa-miR-1343-3p
2025-02-02 13:05:01,787 - downloader - INFO - Successfully downloaded hsa-miR-6741-3p to hsa-miR-6741-3p.xls
2025-02-02 13:05:01,788 - downloader - INFO - Starting download for miRNA: hsa-miR-6783-3p
2025-02-02 13:05:01,791 - downloader - INFO - Successfully downloaded hsa-miR-6790-5p to hsa-miR-6790-5p.xls
2025-02-02 13:05:01,792 - downloader - INFO - Starting download for miRNA: hsa-miR-4662a-5p
2025-02-02 13:05:01,837 - downloader - INFO - Successfully downloaded hsa-miR-4783-3p to hsa-miR-4783-3p.xls
2025-02-02 13:05:01,838 - downloader - INFO - Starting download for miRNA: hsa-miR-3129-3p
2025-02-02 13:05:01,853 - downloader - INFO - Successfully downloaded hsa-miR-4774-3p to hsa-miR-4774-3p.xls
2025-02-02 13:05:01,854 - downloader - INFO - Starting download for miRNA: hsa-miR-5583-5p
2025-02-02 13:05:01,910 - downloader - INFO - Successfully downloaded hsa-miR-514b-5p to hsa-miR-514b-5p.xls
2025-02-02 13:05:01,911 - downloader - INFO - Starting download for miRNA: hsa-miR-4762-5p
2025-02-02 13:05:02,602 - downloader - INFO - Successfully downloaded hsa-miR-20b-3p to hsa-miR-20b-3p.xls
2025-02-02 13:05:02,604 - downloader - INFO - Starting download for miRNA: hsa-miR-1247-3p
2025-02-02 13:05:02,644 - downloader - INFO - Successfully downloaded hsa-miR-4662a-5p to hsa-miR-4662a-5p.xls
2025-02-02 13:05:02,645 - downloader - INFO - Starting download for miRNA: hsa-miR-1265
2025-02-02 13:05:02,645 - downloader - INFO - Successfully downloaded hsa-miR-3129-3p to hsa-miR-3129-3p.xls
2025-02-02 13:05:02,648 - downloader - INFO - Starting download for miRNA: hsa-miR-2355-3p
2025-02-02 13:05:02,651 - downloader - INFO - Successfully downloaded hsa-miR-6783-3p to hsa-miR-6783-3p.xls
2025-02-02 13:05:02,652 - downloader - INFO - Starting download for miRNA: hsa-miR-4776-3p
2025-02-02 13:05:02,664 - downloader - INFO - Successfully downloaded hsa-miR-1343-3p to hsa-miR-1343-3p.xls
2025-02-02 13:05:02,664 - downloader - INFO - Starting download for miRNA: hsa-miR-6837-3p
2025-02-02 13:05:02,735 - downloader - INFO - Successfully downloaded hsa-miR-4762-5p to hsa-miR-4762-5p.xls
2025-02-02 13:05:02,736 - downloader - INFO - Starting download for miRNA: hsa-miR-6868-3p
2025-02-02 13:05:02,845 - downloader - INFO - Successfully downloaded hsa-miR-5583-5p to hsa-miR-5583-5p.xls
2025-02-02 13:05:02,845 - downloader - INFO - Starting download for miRNA: hsa-miR-4433a-5p
2025-02-02 13:05:03,386 - downloader - INFO - Successfully downloaded hsa-miR-1247-3p to hsa-miR-1247-3p.xls
2025-02-02 13:05:03,386 - downloader - INFO - Starting download for miRNA: hsa-miR-4721
2025-02-02 13:05:03,387 - downloader - INFO - Successfully downloaded hsa-miR-1265 to hsa-miR-1265.xls
2025-02-02 13:05:03,390 - downloader - INFO - Starting download for miRNA: hsa-miR-4653-3p
2025-02-02 13:05:03,434 - downloader - INFO - Successfully downloaded hsa-miR-4776-3p to hsa-miR-4776-3p.xls
2025-02-02 13:05:03,435 - downloader - INFO - Starting download for miRNA: hsa-miR-514a-5p
2025-02-02 13:05:03,566 - downloader - INFO - Successfully downloaded hsa-miR-6868-3p to hsa-miR-6868-3p.xls
2025-02-02 13:05:03,567 - downloader - INFO - Starting download for miRNA: hsa-miR-6861-5p
2025-02-02 13:05:03,665 - downloader - INFO - Successfully downloaded hsa-miR-4433a-5p to hsa-miR-4433a-5p.xls
2025-02-02 13:05:03,666 - downloader - INFO - Starting download for miRNA: hsa-miR-6757-5p
2025-02-02 13:05:04,217 - downloader - INFO - Successfully downloaded hsa-miR-4721 to hsa-miR-4721.xls
2025-02-02 13:05:04,218 - downloader - INFO - Starting download for miRNA: hsa-miR-621
2025-02-02 13:05:04,219 - downloader - INFO - Successfully downloaded hsa-miR-4653-3p to hsa-miR-4653-3p.xls
2025-02-02 13:05:04,221 - downloader - INFO - Starting download for miRNA: hsa-miR-675-3p
2025-02-02 13:05:04,290 - downloader - INFO - Successfully downloaded hsa-miR-514a-5p to hsa-miR-514a-5p.xls
2025-02-02 13:05:04,291 - downloader - INFO - Starting download for miRNA: hsa-miR-3149
2025-02-02 13:05:04,436 - downloader - INFO - Successfully downloaded hsa-miR-6861-5p to hsa-miR-6861-5p.xls
2025-02-02 13:05:04,438 - downloader - INFO - Starting download for miRNA: hsa-miR-3672
2025-02-02 13:05:04,496 - downloader - INFO - Successfully downloaded hsa-miR-6757-5p to hsa-miR-6757-5p.xls
2025-02-02 13:05:04,497 - downloader - INFO - Starting download for miRNA: hsa-miR-6864-3p
2025-02-02 13:05:04,512 - downloader - INFO - Successfully downloaded hsa-miR-2355-3p to hsa-miR-2355-3p.xls
2025-02-02 13:05:04,513 - downloader - INFO - Starting download for miRNA: hsa-miR-6882-3p
2025-02-02 13:05:04,528 - downloader - INFO - Successfully downloaded hsa-miR-6837-3p to hsa-miR-6837-3p.xls
2025-02-02 13:05:04,528 - downloader - INFO - Starting download for miRNA: hsa-miR-4705
2025-02-02 13:05:05,011 - downloader - INFO - Successfully downloaded hsa-miR-621 to hsa-miR-621.xls
2025-02-02 13:05:05,121 - downloader - INFO - Successfully downloaded hsa-miR-3149 to hsa-miR-3149.xls
2025-02-02 13:05:05,128 - downloader - INFO - Successfully downloaded hsa-miR-675-3p to hsa-miR-675-3p.xls
2025-02-02 13:05:05,158 - downloader - INFO - Successfully downloaded hsa-miR-4758-5p to hsa-miR-4758-5p.xls
2025-02-02 13:05:05,251 - downloader - INFO - Successfully downloaded hsa-miR-3672 to hsa-miR-3672.xls
2025-02-02 13:05:05,293 - downloader - INFO - Successfully downloaded hsa-miR-4705 to hsa-miR-4705.xls
2025-02-02 13:05:05,325 - downloader - INFO - Successfully downloaded hsa-miR-6882-3p to hsa-miR-6882-3p.xls
2025-02-02 13:05:05,348 - downloader - INFO - Successfully downloaded hsa-miR-6864-3p to hsa-miR-6864-3p.xls
2025-02-02 13:05:05,429 - downloader - INFO - Starting download for miRNA: hsa-miR-587
2025-02-02 13:05:06,235 - downloader - INFO - Successfully downloaded hsa-miR-587 to hsa-miR-587.xls
